<?xml version="1.0" encoding="UTF-8"?>
<!-- Generated by org.testng.reporters.JUnitXMLReporter -->
<testsuite hostname="LAPTOP-UC8NRPBF" ignored="1" name="Default test" tests="2" failures="0" timestamp="10 Nov 2021 04:34:31 GMT" time="40.028" errors="0">
  <testcase name="thirdcase" time="21.33" classname="testcases.Loginclass"/>
  <testcase name="thirdcase" time="18.039" classname="testcases.Loginclass"/>
  <testcase name="secondcase" time="0.0" classname="testcases.Loginclass">
    <ignored/>
  </testcase> <!-- secondcase -->
</testsuite> <!-- Default test -->
