<?xml version="1.0" encoding="UTF-8"?>
<testng-results skipped="0" failed="0" ignored="1" total="3" passed="2">
  <reporter-output>
  </reporter-output>
  <suite name="Default suite" duration-ms="40028" started-at="2021-11-10T04:33:51Z" finished-at="2021-11-10T04:34:31Z">
    <groups>
    </groups>
    <test name="Default test" duration-ms="40028" started-at="2021-11-10T04:33:51Z" finished-at="2021-11-10T04:34:31Z">
      <class name="testcases.Loginclass">
        <test-method status="PASS" signature="thirdcase(java.util.Map)[pri:0, instance:testcases.Loginclass@1d119efb]" name="thirdcase" duration-ms="21330" started-at="2021-11-10T04:33:51Z" data-provider="readexcel" finished-at="2021-11-10T04:34:13Z">
          <params>
            <param index="0">
              <value>
                <![CDATA[{actualtext=AUTHENTICATION, password=test, url=http://www.automationpractice.com/, email=seleniumaimore@gmail.com, Browser=chrome}]]>
              </value>
            </param>
          </params>
          <reporter-output>
          </reporter-output>
        </test-method> <!-- thirdcase -->
        <test-method status="PASS" signature="thirdcase(java.util.Map)[pri:0, instance:testcases.Loginclass@1d119efb]" name="thirdcase" duration-ms="18039" started-at="2021-11-10T04:34:13Z" data-provider="readexcel" finished-at="2021-11-10T04:34:31Z">
          <params>
            <param index="0">
              <value>
                <![CDATA[{actualtext=AUTHENTICATION, password=test, url=http://www.automationpractice.com/, email=seleniumaimore@gmail.com, Browser=chrome}]]>
              </value>
            </param>
          </params>
          <reporter-output>
          </reporter-output>
        </test-method> <!-- thirdcase -->
      </class> <!-- testcases.Loginclass -->
    </test> <!-- Default test -->
  </suite> <!-- Default suite -->
</testng-results>
